'Eloadas: https://teams.microsoft.com/l/channel/19%3a987f440164cc45ebb71a108eb243f753%40thread.tacv2/El%25C5%2591ad%25C3%25A1s?groupId=11bff833-213a-4e2e-a6f0-758fa461a44c&tenantId=5a4863ed-40c8-4fd5-8298-fbfdb7f13095 \nSzeminarium: https://teams.microsoft.com/l/channel/19%3ab90e63e21a2e4900be1f8c6cbc26cfde%40thread.tacv2/Szemin%25C3%25A1rium?groupId=11bff833-213a-4e2e-a6f0-758fa461a44c&tenantId=5a4863ed-40c8-4fd5-8298-fbfdb7f13095 \nLabor: https://teams.microsoft.com/l/channel/19%3a74eafc5a75e741868532abdb71add06b%40thread.tacv2/Labor?groupId=11bff833-213a-4e2e-a6f0-758fa461a44c&tenantId=5a4863ed-40c8-4fd5-8298-fbfdb7f13095 \n'


'Eloadas: https://zoom.us/j/98569115531?pwd=L1MwVVQ1dVdQblMzY2FDV2tWQ3Z5dz09 \nSzeminarium: https://zoom.us/j/98279368344?pwd=WnkvbmpjeTFtZ0w1YmdUdjQ3VVBXUT09 \nLabor: https://teams.microsoft.com/l/channel/19%3ae12a102caf7f4796b61e2984cc3bfbd5%40thread.tacv2/General?groupId=2f1905e0-f164-4ee7-abf1-2a3105431020&tenantId=5a4863ed-40c8-4fd5-8298-fbfdb7f13095'


'Eloadas:https://zoom.us/j/99906544437?pwd=TG1OYUt0TnNRRzIxbkJhQzd1UTM4dz09 \nSzeminarium: https://zoom.us/j/93608918970?pwd=bCt2WTNuYU5FR29mTk5leEt3dUo3UT09 \nLabor: https://zoom.us/j/93403301837?pwd=dWk0WWNSeDdHUWxpQnltcUFLRlpZdz09'


'Eloadas, Szeminarium, Labor: https://zoom.us/j/8092820652?pwd=V2kydFZsRnZLUlZrUmc0cEdURXU3dz09'


'Eloadas, Labor: https://teams.microsoft.com/l/channel/19%3ad6e3d0fe777c4f33ae99d306b6feccbd%40thread.tacv2/General?groupId=5fa96e92-4e45-4f25-b54e-d1a60fc63a79&tenantId=5a4863ed-40c8-4fd5-8298-fbfdb7f13095'


'Eloadas, Szeminarium: https://teams.microsoft.com/l/channel/19%3a59c025dc8bd64d59a726089120be511b%40thread.tacv2/General?groupId=2a4548c0-174a-4945-8e46-5981ae0561ab&tenantId=5a4863ed-40c8-4fd5-8298-fbfdb7f13095 \nLabor, Hetfo esti kurzus: https://zoom.us/j/2962757083?pwd=UmJRMndzUXlTWHRYSkVHRC9xaEZDZz09'


'Eloadas: https://teams.microsoft.com/l/channel/19%3a17e29916f74c4c77a8464800ac356662%40thread.tacv2/General?groupId=d17c1369-02dc-4cf4-a764-2742586fb81a&tenantId=5a4863ed-40c8-4fd5-8298-fbfdb7f13095'

		}


'Eloadas: https://teams.microsoft.com/l/channel/19%3a987f440164cc45ebb71a108eb243f753%40thread.tacv2/El%25C5%2591ad%25C3%25A1s?groupId=11bff833-213a-4e2e-a6f0-758fa461a44c&tenantId=5a4863ed-40c8-4fd5-8298-fbfdb7f13095 \nSzeminarium: https://teams.microsoft.com/l/channel/19%3ab90e63e21a2e4900be1f8c6cbc26cfde%40thread.tacv2/Szemin%25C3%25A1rium?groupId=11bff833-213a-4e2e-a6f0-758fa461a44c&tenantId=5a4863ed-40c8-4fd5-8298-fbfdb7f13095 \nLabor: https://teams.microsoft.com/l/channel/19%3a74eafc5a75e741868532abdb71add06b%40thread.tacv2/Labor?groupId=11bff833-213a-4e2e-a6f0-758fa461a44c&tenantId=5a4863ed-40c8-4fd5-8298-fbfdb7f13095 \n'


'Eloadas: https://zoom.us/j/98569115531?pwd=L1MwVVQ1dVdQblMzY2FDV2tWQ3Z5dz09 \nSzeminarium: https://zoom.us/j/98279368344?pwd=WnkvbmpjeTFtZ0w1YmdUdjQ3VVBXUT09 \nLabor: https://teams.microsoft.com/l/channel/19%3ae12a102caf7f4796b61e2984cc3bfbd5%40thread.tacv2/General?groupId=2f1905e0-f164-4ee7-abf1-2a3105431020&tenantId=5a4863ed-40c8-4fd5-8298-fbfdb7f13095'


'Eloadas:https://zoom.us/j/99906544437?pwd=TG1OYUt0TnNRRzIxbkJhQzd1UTM4dz09 \nSzeminarium: https://zoom.us/j/93608918970?pwd=bCt2WTNuYU5FR29mTk5leEt3dUo3UT09 \nLabor: https://zoom.us/j/93403301837?pwd=dWk0WWNSeDdHUWxpQnltcUFLRlpZdz09'


'Eloadas, Szeminarium, Labor: https://zoom.us/j/8092820652?pwd=V2kydFZsRnZLUlZrUmc0cEdURXU3dz09'


'Eloadas, Labor: https://teams.microsoft.com/l/channel/19%3ad6e3d0fe777c4f33ae99d306b6feccbd%40thread.tacv2/General?groupId=5fa96e92-4e45-4f25-b54e-d1a60fc63a79&tenantId=5a4863ed-40c8-4fd5-8298-fbfdb7f13095'


'Eloadas, Szeminarium: https://teams.microsoft.com/l/channel/19%3a59c025dc8bd64d59a726089120be511b%40thread.tacv2/General?groupId=2a4548c0-174a-4945-8e46-5981ae0561ab&tenantId=5a4863ed-40c8-4fd5-8298-fbfdb7f13095 \nLabor, Hetfo esti kurzus: https://zoom.us/j/2962757083?pwd=UmJRMndzUXlTWHRYSkVHRC9xaEZDZz09'


'Eloadas: https://teams.microsoft.com/l/channel/19%3a17e29916f74c4c77a8464800ac356662%40thread.tacv2/General?groupId=d17c1369-02dc-4cf4-a764-2742586fb81a&tenantId=5a4863ed-40c8-4fd5-8298-fbfdb7f13095'

		}


'Eloadas: https://teams.microsoft.com/l/channel/19%3a987f440164cc45ebb71a108eb243f753%40thread.tacv2/El%25C5%2591ad%25C3%25A1s?groupId=11bff833-213a-4e2e-a6f0-758fa461a44c&tenantId=5a4863ed-40c8-4fd5-8298-fbfdb7f13095 \nSzeminarium: https://teams.microsoft.com/l/channel/19%3ab90e63e21a2e4900be1f8c6cbc26cfde%40thread.tacv2/Szemin%25C3%25A1rium?groupId=11bff833-213a-4e2e-a6f0-758fa461a44c&tenantId=5a4863ed-40c8-4fd5-8298-fbfdb7f13095 \nLabor: https://teams.microsoft.com/l/channel/19%3a74eafc5a75e741868532abdb71add06b%40thread.tacv2/Labor?groupId=11bff833-213a-4e2e-a6f0-758fa461a44c&tenantId=5a4863ed-40c8-4fd5-8298-fbfdb7f13095 \n'


'Eloadas: https://zoom.us/j/98569115531?pwd=L1MwVVQ1dVdQblMzY2FDV2tWQ3Z5dz09 \nSzeminarium: https://zoom.us/j/97994513576?pwd=aDllRm5BeWJaRkZPYXdFU01QaTBaQT09 \nLabor: https://teams.microsoft.com/l/channel/19%3ae12a102caf7f4796b61e2984cc3bfbd5%40thread.tacv2/General?groupId=2f1905e0-f164-4ee7-abf1-2a3105431020&tenantId=5a4863ed-40c8-4fd5-8298-fbfdb7f13095'


'Eloadas:https://zoom.us/j/99906544437?pwd=TG1OYUt0TnNRRzIxbkJhQzd1UTM4dz09 \nSzeminarium: https://zoom.us/j/93185029499?pwd=bzJTc3BZTGZxQmZlR2dabzBBV0tKQT09 \nLabor: https://zoom.us/j/95322517296?pwd=RUdES1VDanh0ZkI2SGwxMDhKaCtZQT09'


'Eloadas, Szeminarium, Labor: https://zoom.us/j/8092820652?pwd=V2kydFZsRnZLUlZrUmc0cEdURXU3dz09'


'Eloadas, Labor: https://teams.microsoft.com/l/channel/19%3ad6e3d0fe777c4f33ae99d306b6feccbd%40thread.tacv2/General?groupId=5fa96e92-4e45-4f25-b54e-d1a60fc63a79&tenantId=5a4863ed-40c8-4fd5-8298-fbfdb7f13095'


'Eloadas, Szeminarium: https://teams.microsoft.com/l/channel/19%3a59c025dc8bd64d59a726089120be511b%40thread.tacv2/General?groupId=2a4548c0-174a-4945-8e46-5981ae0561ab&tenantId=5a4863ed-40c8-4fd5-8298-fbfdb7f13095 \nLabor, Hetfo esti kurzus: https://zoom.us/j/2962757083?pwd=UmJRMndzUXlTWHRYSkVHRC9xaEZDZz09'


'Eloadas: https://teams.microsoft.com/l/channel/19%3a17e29916f74c4c77a8464800ac356662%40thread.tacv2/General?groupId=d17c1369-02dc-4cf4-a764-2742586fb81a&tenantId=5a4863ed-40c8-4fd5-8298-fbfdb7f13095'

		}


'Eloadas: https://teams.microsoft.com/l/channel/19%3a987f440164cc45ebb71a108eb243f753%40thread.tacv2/El%25C5%2591ad%25C3%25A1s?groupId=11bff833-213a-4e2e-a6f0-758fa461a44c&tenantId=5a4863ed-40c8-4fd5-8298-fbfdb7f13095 \nSzeminarium: https://teams.microsoft.com/l/channel/19%3ab90e63e21a2e4900be1f8c6cbc26cfde%40thread.tacv2/Szemin%25C3%25A1rium?groupId=11bff833-213a-4e2e-a6f0-758fa461a44c&tenantId=5a4863ed-40c8-4fd5-8298-fbfdb7f13095 \nLabor: https://teams.microsoft.com/l/channel/19%3a74eafc5a75e741868532abdb71add06b%40thread.tacv2/Labor?groupId=11bff833-213a-4e2e-a6f0-758fa461a44c&tenantId=5a4863ed-40c8-4fd5-8298-fbfdb7f13095 \n'


'Eloadas: https://zoom.us/j/98569115531?pwd=L1MwVVQ1dVdQblMzY2FDV2tWQ3Z5dz09 \nSzeminarium: https://zoom.us/j/97994513576?pwd=aDllRm5BeWJaRkZPYXdFU01QaTBaQT09 \nLabor: https://teams.microsoft.com/l/channel/19%3ae12a102caf7f4796b61e2984cc3bfbd5%40thread.tacv2/General?groupId=2f1905e0-f164-4ee7-abf1-2a3105431020&tenantId=5a4863ed-40c8-4fd5-8298-fbfdb7f13095'


'Eloadas:https://zoom.us/j/99906544437?pwd=TG1OYUt0TnNRRzIxbkJhQzd1UTM4dz09 \nSzeminarium: https://zoom.us/j/93185029499?pwd=bzJTc3BZTGZxQmZlR2dabzBBV0tKQT09 \nLabor: https://zoom.us/j/95322517296?pwd=RUdES1VDanh0ZkI2SGwxMDhKaCtZQT09'


'Eloadas, Szeminarium, Labor: https://zoom.us/j/8092820652?pwd=V2kydFZsRnZLUlZrUmc0cEdURXU3dz09'


'Eloadas, Labor: https://teams.microsoft.com/l/channel/19%3ad6e3d0fe777c4f33ae99d306b6feccbd%40thread.tacv2/General?groupId=5fa96e92-4e45-4f25-b54e-d1a60fc63a79&tenantId=5a4863ed-40c8-4fd5-8298-fbfdb7f13095'


'Eloadas, Szeminarium: https://teams.microsoft.com/l/channel/19%3a59c025dc8bd64d59a726089120be511b%40thread.tacv2/General?groupId=2a4548c0-174a-4945-8e46-5981ae0561ab&tenantId=5a4863ed-40c8-4fd5-8298-fbfdb7f13095 \nLabor, Hetfo esti kurzus: https://zoom.us/j/2962757083?pwd=UmJRMndzUXlTWHRYSkVHRC9xaEZDZz09'


'Eloadas: https://teams.microsoft.com/l/channel/19%3a17e29916f74c4c77a8464800ac356662%40thread.tacv2/General?groupId=d17c1369-02dc-4cf4-a764-2742586fb81a&tenantId=5a4863ed-40c8-4fd5-8298-fbfdb7f13095'

		}


'Eloadas: https://teams.microsoft.com/l/channel/19%3a987f440164cc45ebb71a108eb243f753%40thread.tacv2/El%25C5%2591ad%25C3%25A1s?groupId=11bff833-213a-4e2e-a6f0-758fa461a44c&tenantId=5a4863ed-40c8-4fd5-8298-fbfdb7f13095 \nSzeminarium: https://teams.microsoft.com/l/channel/19%3ab90e63e21a2e4900be1f8c6cbc26cfde%40thread.tacv2/Szemin%25C3%25A1rium?groupId=11bff833-213a-4e2e-a6f0-758fa461a44c&tenantId=5a4863ed-40c8-4fd5-8298-fbfdb7f13095 \nLabor: https://teams.microsoft.com/l/channel/19%3a74eafc5a75e741868532abdb71add06b%40thread.tacv2/Labor?groupId=11bff833-213a-4e2e-a6f0-758fa461a44c&tenantId=5a4863ed-40c8-4fd5-8298-fbfdb7f13095 \n'


'Eloadas: https://zoom.us/j/98569115531?pwd=L1MwVVQ1dVdQblMzY2FDV2tWQ3Z5dz09 \nSzeminarium: https://zoom.us/j/98993615170?pwd=emcxVWNyQ1VRNEltV0J4Rld1U3hIUT09 \nLabor: https://teams.microsoft.com/l/channel/19%3ae12a102caf7f4796b61e2984cc3bfbd5%40thread.tacv2/General?groupId=2f1905e0-f164-4ee7-abf1-2a3105431020&tenantId=5a4863ed-40c8-4fd5-8298-fbfdb7f13095'


'Eloadas:https://zoom.us/j/99906544437?pwd=TG1OYUt0TnNRRzIxbkJhQzd1UTM4dz09 \nSzeminarium: https://zoom.us/j/92198145026?pwd=M3RtaFE1NHJqVjhyUlBsSjN6aDRkZz09 \nLabor: https://discord.gg/vrHCT7T'


'Eloadas, Szeminarium, Labor: https://zoom.us/j/8092820652?pwd=V2kydFZsRnZLUlZrUmc0cEdURXU3dz09'


'Eloadas, Labor: https://teams.microsoft.com/l/channel/19%3ad6e3d0fe777c4f33ae99d306b6feccbd%40thread.tacv2/General?groupId=5fa96e92-4e45-4f25-b54e-d1a60fc63a79&tenantId=5a4863ed-40c8-4fd5-8298-fbfdb7f13095'


'Eloadas, Szeminarium: https://teams.microsoft.com/l/channel/19%3a59c025dc8bd64d59a726089120be511b%40thread.tacv2/General?groupId=2a4548c0-174a-4945-8e46-5981ae0561ab&tenantId=5a4863ed-40c8-4fd5-8298-fbfdb7f13095 \nLabor, Hetfo esti kurzus: https://zoom.us/j/2962757083?pwd=UmJRMndzUXlTWHRYSkVHRC9xaEZDZz09'


'Eloadas: https://teams.microsoft.com/l/channel/19%3a17e29916f74c4c77a8464800ac356662%40thread.tacv2/General?groupId=d17c1369-02dc-4cf4-a764-2742586fb81a&tenantId=5a4863ed-40c8-4fd5-8298-fbfdb7f13095'

		}


'Eloadas: https://teams.microsoft.com/l/channel/19%3a987f440164cc45ebb71a108eb243f753%40thread.tacv2/El%25C5%2591ad%25C3%25A1s?groupId=11bff833-213a-4e2e-a6f0-758fa461a44c&tenantId=5a4863ed-40c8-4fd5-8298-fbfdb7f13095 \nSzeminarium: https://teams.microsoft.com/l/channel/19%3ab90e63e21a2e4900be1f8c6cbc26cfde%40thread.tacv2/Szemin%25C3%25A1rium?groupId=11bff833-213a-4e2e-a6f0-758fa461a44c&tenantId=5a4863ed-40c8-4fd5-8298-fbfdb7f13095 \nLabor: https://teams.microsoft.com/l/channel/19%3a74eafc5a75e741868532abdb71add06b%40thread.tacv2/Labor?groupId=11bff833-213a-4e2e-a6f0-758fa461a44c&tenantId=5a4863ed-40c8-4fd5-8298-fbfdb7f13095 \n'


'Eloadas: https://zoom.us/j/98569115531?pwd=L1MwVVQ1dVdQblMzY2FDV2tWQ3Z5dz09 \nSzeminarium: https://zoom.us/j/98993615170?pwd=emcxVWNyQ1VRNEltV0J4Rld1U3hIUT09 \nLabor: https://teams.microsoft.com/l/channel/19%3ae12a102caf7f4796b61e2984cc3bfbd5%40thread.tacv2/General?groupId=2f1905e0-f164-4ee7-abf1-2a3105431020&tenantId=5a4863ed-40c8-4fd5-8298-fbfdb7f13095'


'Eloadas:https://zoom.us/j/99906544437?pwd=TG1OYUt0TnNRRzIxbkJhQzd1UTM4dz09 \nSzeminarium: https://zoom.us/j/92198145026?pwd=M3RtaFE1NHJqVjhyUlBsSjN6aDRkZz09 \nLabor: https://discord.gg/vrHCT7T'


'Eloadas, Szeminarium, Labor: https://zoom.us/j/8092820652?pwd=V2kydFZsRnZLUlZrUmc0cEdURXU3dz09'


'Eloadas, Labor: https://teams.microsoft.com/l/channel/19%3ad6e3d0fe777c4f33ae99d306b6feccbd%40thread.tacv2/General?groupId=5fa96e92-4e45-4f25-b54e-d1a60fc63a79&tenantId=5a4863ed-40c8-4fd5-8298-fbfdb7f13095'


'Eloadas, Szeminarium: https://teams.microsoft.com/l/channel/19%3a59c025dc8bd64d59a726089120be511b%40thread.tacv2/General?groupId=2a4548c0-174a-4945-8e46-5981ae0561ab&tenantId=5a4863ed-40c8-4fd5-8298-fbfdb7f13095 \nLabor, Hetfo esti kurzus: https://zoom.us/j/2962757083?pwd=UmJRMndzUXlTWHRYSkVHRC9xaEZDZz09'


'Eloadas: https://teams.microsoft.com/l/channel/19%3a17e29916f74c4c77a8464800ac356662%40thread.tacv2/General?groupId=d17c1369-02dc-4cf4-a764-2742586fb81a&tenantId=5a4863ed-40c8-4fd5-8298-fbfdb7f13095'

		}


'Eloadas: https://teams.microsoft.com/l/channel/19%3a987f440164cc45ebb71a108eb243f753%40thread.tacv2/El%25C5%2591ad%25C3%25A1s?groupId=11bff833-213a-4e2e-a6f0-758fa461a44c&tenantId=5a4863ed-40c8-4fd5-8298-fbfdb7f13095 \nSzeminarium: https://teams.microsoft.com/l/channel/19%3ab90e63e21a2e4900be1f8c6cbc26cfde%40thread.tacv2/Szemin%25C3%25A1rium?groupId=11bff833-213a-4e2e-a6f0-758fa461a44c&tenantId=5a4863ed-40c8-4fd5-8298-fbfdb7f13095 \nLabor: https://teams.microsoft.com/l/channel/19%3a74eafc5a75e741868532abdb71add06b%40thread.tacv2/Labor?groupId=11bff833-213a-4e2e-a6f0-758fa461a44c&tenantId=5a4863ed-40c8-4fd5-8298-fbfdb7f13095 \n'


'Eloadas: https://zoom.us/j/98569115531?pwd=L1MwVVQ1dVdQblMzY2FDV2tWQ3Z5dz09 \nSzeminarium: https://zoom.us/j/99493679120?pwd=clJ0QzNCQXJmNHpjUyszWXB1eGxIUT09 \nLabor: https://teams.microsoft.com/l/channel/19%3ae12a102caf7f4796b61e2984cc3bfbd5%40thread.tacv2/General?groupId=2f1905e0-f164-4ee7-abf1-2a3105431020&tenantId=5a4863ed-40c8-4fd5-8298-fbfdb7f13095'


'Eloadas:https://zoom.us/j/99906544437?pwd=TG1OYUt0TnNRRzIxbkJhQzd1UTM4dz09 \nSzeminarium: https://zoom.us/j/98099882783?pwd=WmJDTWJMUGgrcDdESUFzK3dpS1VZUT09 \nLabor: https://zoom.us/j/95322517296?pwd=RUdES1VDanh0ZkI2SGwxMDhKaCtZQT09'


'Eloadas, Szeminarium, Labor: https://zoom.us/j/8092820652?pwd=V2kydFZsRnZLUlZrUmc0cEdURXU3dz09'


'Eloadas, Labor: https://teams.microsoft.com/l/channel/19%3ad6e3d0fe777c4f33ae99d306b6feccbd%40thread.tacv2/General?groupId=5fa96e92-4e45-4f25-b54e-d1a60fc63a79&tenantId=5a4863ed-40c8-4fd5-8298-fbfdb7f13095'


'Eloadas, Szeminarium: https://teams.microsoft.com/l/channel/19%3a59c025dc8bd64d59a726089120be511b%40thread.tacv2/General?groupId=2a4548c0-174a-4945-8e46-5981ae0561ab&tenantId=5a4863ed-40c8-4fd5-8298-fbfdb7f13095 \nLabor, Hetfo esti kurzus: https://zoom.us/j/2962757083?pwd=UmJRMndzUXlTWHRYSkVHRC9xaEZDZz09'


'Eloadas: https://teams.microsoft.com/l/channel/19%3a17e29916f74c4c77a8464800ac356662%40thread.tacv2/General?groupId=d17c1369-02dc-4cf4-a764-2742586fb81a&tenantId=5a4863ed-40c8-4fd5-8298-fbfdb7f13095'

		}


'Eloadas: https://teams.microsoft.com/l/channel/19%3a987f440164cc45ebb71a108eb243f753%40thread.tacv2/El%25C5%2591ad%25C3%25A1s?groupId=11bff833-213a-4e2e-a6f0-758fa461a44c&tenantId=5a4863ed-40c8-4fd5-8298-fbfdb7f13095 \nSzeminarium: https://teams.microsoft.com/l/channel/19%3ab90e63e21a2e4900be1f8c6cbc26cfde%40thread.tacv2/Szemin%25C3%25A1rium?groupId=11bff833-213a-4e2e-a6f0-758fa461a44c&tenantId=5a4863ed-40c8-4fd5-8298-fbfdb7f13095 \nLabor: https://teams.microsoft.com/l/channel/19%3a74eafc5a75e741868532abdb71add06b%40thread.tacv2/Labor?groupId=11bff833-213a-4e2e-a6f0-758fa461a44c&tenantId=5a4863ed-40c8-4fd5-8298-fbfdb7f13095 \n'


'Eloadas: https://zoom.us/j/98569115531?pwd=L1MwVVQ1dVdQblMzY2FDV2tWQ3Z5dz09 \nSzeminarium: https://zoom.us/j/99493679120?pwd=clJ0QzNCQXJmNHpjUyszWXB1eGxIUT09 \nLabor: https://teams.microsoft.com/l/channel/19%3ae12a102caf7f4796b61e2984cc3bfbd5%40thread.tacv2/General?groupId=2f1905e0-f164-4ee7-abf1-2a3105431020&tenantId=5a4863ed-40c8-4fd5-8298-fbfdb7f13095'


'Eloadas:https://zoom.us/j/99906544437?pwd=TG1OYUt0TnNRRzIxbkJhQzd1UTM4dz09 \nSzeminarium: https://zoom.us/j/98099882783?pwd=WmJDTWJMUGgrcDdESUFzK3dpS1VZUT09 \nLabor: https://discord.gg/vrHCT7T'


'Eloadas, Szeminarium, Labor: https://zoom.us/j/8092820652?pwd=V2kydFZsRnZLUlZrUmc0cEdURXU3dz09'


'Eloadas, Labor: https://teams.microsoft.com/l/channel/19%3ad6e3d0fe777c4f33ae99d306b6feccbd%40thread.tacv2/General?groupId=5fa96e92-4e45-4f25-b54e-d1a60fc63a79&tenantId=5a4863ed-40c8-4fd5-8298-fbfdb7f13095'


'Eloadas, Szeminarium: https://teams.microsoft.com/l/channel/19%3a59c025dc8bd64d59a726089120be511b%40thread.tacv2/General?groupId=2a4548c0-174a-4945-8e46-5981ae0561ab&tenantId=5a4863ed-40c8-4fd5-8298-fbfdb7f13095 \nLabor, Hetfo esti kurzus: https://zoom.us/j/2962757083?pwd=UmJRMndzUXlTWHRYSkVHRC9xaEZDZz09'


'Eloadas: https://teams.microsoft.com/l/channel/19%3a17e29916f74c4c77a8464800ac356662%40thread.tacv2/General?groupId=d17c1369-02dc-4cf4-a764-2742586fb81a&tenantId=5a4863ed-40c8-4fd5-8298-fbfdb7f13095'